2017-08-23 00:08:11com.mchange.v2.resourcepool.BasicResourcePool$AcquireTask@19140963 -- Acquisition Attempt Failed!!! Clearing pending acquires. While trying to acquire a needed new resource, we failed to succeed more than the maximum number of allowed acquisition attempts (30). Last acquisition attempt exception: 
  com.mchange.v2.resourcepool.BasicResourcePool$AcquireTask.run(BasicResourcePool.java:1841)
java.lang.NullPointerException
	at sun.jdbc.odbc.JdbcOdbcDriver.getProtocol(JdbcOdbcDriver.java:524)
	at sun.jdbc.odbc.JdbcOdbcDriver.knownURL(JdbcOdbcDriver.java:493)
	at sun.jdbc.odbc.JdbcOdbcDriver.acceptsURL(JdbcOdbcDriver.java:307)
	at java.sql.DriverManager.getDriver(DriverManager.java:262)
	at com.mchange.v2.c3p0.DriverManagerDataSource.driver(DriverManagerDataSource.java:223)
	at com.mchange.v2.c3p0.DriverManagerDataSource.getConnection(DriverManagerDataSource.java:119)
	at com.mchange.v2.c3p0.WrapperConnectionPoolDataSource.getPooledConnection(WrapperConnectionPoolDataSource.java:143)
	at com.mchange.v2.c3p0.WrapperConnectionPoolDataSource.getPooledConnection(WrapperConnectionPoolDataSource.java:132)
	at com.mchange.v2.c3p0.impl.C3P0PooledConnectionPool$1PooledConnectionResourcePoolManager.acquireResource(C3P0PooledConnectionPool.java:137)
	at com.mchange.v2.resourcepool.BasicResourcePool.doAcquire(BasicResourcePool.java:1014)
	at com.mchange.v2.resourcepool.BasicResourcePool.access$800(BasicResourcePool.java:32)
	at com.mchange.v2.resourcepool.BasicResourcePool$AcquireTask.run(BasicResourcePool.java:1810)
	at com.mchange.v2.async.ThreadPoolAsynchronousRunner$PoolThread.run(ThreadPoolAsynchronousRunner.java:547)
2017-08-23 00:08:11com.mchange.v2.resourcepool.BasicResourcePool$AcquireTask@320bbe6b -- Acquisition Attempt Failed!!! Clearing pending acquires. While trying to acquire a needed new resource, we failed to succeed more than the maximum number of allowed acquisition attempts (30). Last acquisition attempt exception: 
  com.mchange.v2.resourcepool.BasicResourcePool$AcquireTask.run(BasicResourcePool.java:1841)
java.lang.NullPointerException
	at sun.jdbc.odbc.JdbcOdbcDriver.getProtocol(JdbcOdbcDriver.java:524)
	at sun.jdbc.odbc.JdbcOdbcDriver.knownURL(JdbcOdbcDriver.java:493)
	at sun.jdbc.odbc.JdbcOdbcDriver.acceptsURL(JdbcOdbcDriver.java:307)
	at java.sql.DriverManager.getDriver(DriverManager.java:262)
	at com.mchange.v2.c3p0.DriverManagerDataSource.driver(DriverManagerDataSource.java:223)
	at com.mchange.v2.c3p0.DriverManagerDataSource.getConnection(DriverManagerDataSource.java:119)
	at com.mchange.v2.c3p0.WrapperConnectionPoolDataSource.getPooledConnection(WrapperConnectionPoolDataSource.java:143)
	at com.mchange.v2.c3p0.WrapperConnectionPoolDataSource.getPooledConnection(WrapperConnectionPoolDataSource.java:132)
	at com.mchange.v2.c3p0.impl.C3P0PooledConnectionPool$1PooledConnectionResourcePoolManager.acquireResource(C3P0PooledConnectionPool.java:137)
	at com.mchange.v2.resourcepool.BasicResourcePool.doAcquire(BasicResourcePool.java:1014)
	at com.mchange.v2.resourcepool.BasicResourcePool.access$800(BasicResourcePool.java:32)
	at com.mchange.v2.resourcepool.BasicResourcePool$AcquireTask.run(BasicResourcePool.java:1810)
	at com.mchange.v2.async.ThreadPoolAsynchronousRunner$PoolThread.run(ThreadPoolAsynchronousRunner.java:547)
2017-08-23 00:08:11com.mchange.v2.resourcepool.BasicResourcePool$AcquireTask@72744f71 -- Acquisition Attempt Failed!!! Clearing pending acquires. While trying to acquire a needed new resource, we failed to succeed more than the maximum number of allowed acquisition attempts (30). Last acquisition attempt exception: 
  com.mchange.v2.resourcepool.BasicResourcePool$AcquireTask.run(BasicResourcePool.java:1841)
java.lang.NullPointerException
	at sun.jdbc.odbc.JdbcOdbcDriver.getProtocol(JdbcOdbcDriver.java:524)
	at sun.jdbc.odbc.JdbcOdbcDriver.knownURL(JdbcOdbcDriver.java:493)
	at sun.jdbc.odbc.JdbcOdbcDriver.acceptsURL(JdbcOdbcDriver.java:307)
	at java.sql.DriverManager.getDriver(DriverManager.java:262)
	at com.mchange.v2.c3p0.DriverManagerDataSource.driver(DriverManagerDataSource.java:223)
	at com.mchange.v2.c3p0.DriverManagerDataSource.getConnection(DriverManagerDataSource.java:119)
	at com.mchange.v2.c3p0.WrapperConnectionPoolDataSource.getPooledConnection(WrapperConnectionPoolDataSource.java:143)
	at com.mchange.v2.c3p0.WrapperConnectionPoolDataSource.getPooledConnection(WrapperConnectionPoolDataSource.java:132)
	at com.mchange.v2.c3p0.impl.C3P0PooledConnectionPool$1PooledConnectionResourcePoolManager.acquireResource(C3P0PooledConnectionPool.java:137)
	at com.mchange.v2.resourcepool.BasicResourcePool.doAcquire(BasicResourcePool.java:1014)
	at com.mchange.v2.resourcepool.BasicResourcePool.access$800(BasicResourcePool.java:32)
	at com.mchange.v2.resourcepool.BasicResourcePool$AcquireTask.run(BasicResourcePool.java:1810)
	at com.mchange.v2.async.ThreadPoolAsynchronousRunner$PoolThread.run(ThreadPoolAsynchronousRunner.java:547)
2017-08-23 00:08:11java.sql.SQLException: Connections could not be acquired from the underlying database!insertMysql
  com.yijiagou.handler.AddDeviceHandler.insertMysql(AddDeviceHandler.java:94)
2017-08-23 00:08:23Failed to find a usable hardware address from the network interfaces; using random bytes: 9d:c4:b1:21:22:7f:9c:bf
  io.netty.channel.DefaultChannelId.defaultMachineId(DefaultChannelId.java:203)
2017-08-23 00:08:57java.sql.SQLException: Parameter index out of range (3 > number of parameters, which is 2).insertMysql
  com.yijiagou.handler.AddDeviceHandler.insertMysql(AddDeviceHandler.java:94)
2017-08-23 00:08:57java.sql.SQLException: Parameter index out of range (3 > number of parameters, which is 2).insertMysql
  com.yijiagou.handler.AddDeviceHandler.insertMysql(AddDeviceHandler.java:94)
2017-08-23 00:08:58java.sql.SQLException: Parameter index out of range (3 > number of parameters, which is 2).insertMysql
  com.yijiagou.handler.AddDeviceHandler.insertMysql(AddDeviceHandler.java:94)
